0 info it worked if it ends with ok
1 verbose cli [ '/usr/bin/node',
1 verbose cli   '/usr/bin/npm',
1 verbose cli   'install',
1 verbose cli   'pritamCode/MongoExpressNode' ]
2 info using npm@3.5.2
3 info using node@v8.10.0
4 silly loadCurrentTree Starting
5 silly install loadCurrentTree
6 silly install readLocalPackageData
7 silly fetchPackageMetaData pritamCode/MongoExpressNode
8 silly fetchOtherPackageData pritamCode/MongoExpressNode
9 silly cache add args [ 'pritamCode/MongoExpressNode', null ]
10 verbose cache add spec pritamCode/MongoExpressNode
11 silly cache add parsed spec Result {
11 silly cache add   raw: 'pritamCode/MongoExpressNode',
11 silly cache add   scope: null,
11 silly cache add   name: null,
11 silly cache add   rawSpec: 'pritamCode/MongoExpressNode',
11 silly cache add   spec: 'github:pritamcode/MongoExpressNode',
11 silly cache add   type: 'hosted',
11 silly cache add   hosted:
11 silly cache add    { type: 'github',
11 silly cache add      ssh: 'git@github.com:pritamcode/MongoExpressNode.git',
11 silly cache add      sshUrl: 'git+ssh://git@github.com/pritamcode/MongoExpressNode.git',
11 silly cache add      httpsUrl: 'git+https://github.com/pritamcode/MongoExpressNode.git',
11 silly cache add      gitUrl: 'git://github.com/pritamcode/MongoExpressNode.git',
11 silly cache add      shortcut: 'github:pritamcode/MongoExpressNode',
11 silly cache add      directUrl: 'https://raw.githubusercontent.com/pritamcode/MongoExpressNode/master/package.json' } }
12 verbose addRemoteGit caching pritamCode/MongoExpressNode
13 verbose addRemoteGit pritamcode/MongoExpressNode is a repository hosted by github
14 silly tryGitProto attempting to clone git://github.com/pritamcode/MongoExpressNode.git
15 silly tryClone cloning pritamcode/MongoExpressNode via git://github.com/pritamcode/MongoExpressNode.git
16 verbose tryClone git-github-com-pritamcode-MongoExpressNode-git-abae1e14 not in flight; caching
17 verbose makeDirectory /home/apisero/.npm/_git-remotes creation not in flight; initializing
18 silly makeDirectory /home/apisero/.npm/_git-remotes uid: 1000 gid: 1000
19 info git [ 'clone',
19 info git   '--template=/home/apisero/.npm/_git-remotes/_templates',
19 info git   '--mirror',
19 info git   'git://github.com/pritamcode/MongoExpressNode.git',
19 info git   '/home/apisero/.npm/_git-remotes/git-github-com-pritamcode-MongoExpressNode-git-abae1e14' ]
20 verbose mirrorRemote pritamcode/MongoExpressNode git clone git://github.com/pritamcode/MongoExpressNode.git
21 verbose setPermissions pritamcode/MongoExpressNode set permissions on /home/apisero/.npm/_git-remotes/git-github-com-pritamcode-MongoExpressNode-git-abae1e14
22 verbose resolveHead pritamcode/MongoExpressNode original treeish: master
23 info git [ 'rev-list', '-n1', 'master' ]
24 error git rev-list -n1 master: fatal: ambiguous argument 'master': unknown revision or path not in the working tree.
24 error git rev-list -n1 master: Use '--' to separate paths from revisions, like this:
24 error git rev-list -n1 master: 'git <command> [<revision>...] -- [<file>...]'
25 silly tryHTTPS attempting to clone git+https://github.com/pritamcode/MongoExpressNode.git
26 silly tryClone cloning pritamcode/MongoExpressNode via git+https://github.com/pritamcode/MongoExpressNode.git
27 verbose tryClone git-https-github-com-pritamcode-MongoExpressNode-git-f0e6ad7d not in flight; caching
28 info git [ 'clone',
28 info git   '--template=/home/apisero/.npm/_git-remotes/_templates',
28 info git   '--mirror',
28 info git   'https://github.com/pritamcode/MongoExpressNode.git',
28 info git   '/home/apisero/.npm/_git-remotes/git-https-github-com-pritamcode-MongoExpressNode-git-f0e6ad7d' ]
29 verbose mirrorRemote pritamcode/MongoExpressNode git clone https://github.com/pritamcode/MongoExpressNode.git
30 verbose setPermissions pritamcode/MongoExpressNode set permissions on /home/apisero/.npm/_git-remotes/git-https-github-com-pritamcode-MongoExpressNode-git-f0e6ad7d
31 verbose resolveHead pritamcode/MongoExpressNode original treeish: master
32 info git [ 'rev-list', '-n1', 'master' ]
33 error git rev-list -n1 master: fatal: ambiguous argument 'master': unknown revision or path not in the working tree.
33 error git rev-list -n1 master: Use '--' to separate paths from revisions, like this:
33 error git rev-list -n1 master: 'git <command> [<revision>...] -- [<file>...]'
34 silly trySSH attempting to clone git@github.com:pritamcode/MongoExpressNode.git
35 silly tryClone cloning pritamcode/MongoExpressNode via git@github.com:pritamcode/MongoExpressNode.git
36 verbose tryClone git-github-com-pritamcode-MongoExpressNode-git-ce11b9a0 not in flight; caching
37 info git [ 'clone',
37 info git   '--template=/home/apisero/.npm/_git-remotes/_templates',
37 info git   '--mirror',
37 info git   'git@github.com:pritamcode/MongoExpressNode.git',
37 info git   '/home/apisero/.npm/_git-remotes/git-github-com-pritamcode-MongoExpressNode-git-ce11b9a0' ]
38 error git clone --template=/home/apisero/.npm/_git-remotes/_templates --mirror git@github.com:pritamcode/MongoExpressNode.git /home/apisero/.npm/_git-remotes/git-github-com-pritamcode-MongoExpressNode-git-ce11b9a0: Cloning into bare repository '/home/apisero/.npm/_git-remotes/git-github-com-pritamcode-MongoExpressNode-git-ce11b9a0'...
38 error git clone --template=/home/apisero/.npm/_git-remotes/_templates --mirror git@github.com:pritamcode/MongoExpressNode.git /home/apisero/.npm/_git-remotes/git-github-com-pritamcode-MongoExpressNode-git-ce11b9a0: Warning: Permanently added 'github.com,13.234.210.38' (RSA) to the list of known hosts.
38 error git clone --template=/home/apisero/.npm/_git-remotes/_templates --mirror git@github.com:pritamcode/MongoExpressNode.git /home/apisero/.npm/_git-remotes/git-github-com-pritamcode-MongoExpressNode-git-ce11b9a0: git@github.com: Permission denied (publickey).
38 error git clone --template=/home/apisero/.npm/_git-remotes/_templates --mirror git@github.com:pritamcode/MongoExpressNode.git /home/apisero/.npm/_git-remotes/git-github-com-pritamcode-MongoExpressNode-git-ce11b9a0: fatal: Could not read from remote repository.
38 error git clone --template=/home/apisero/.npm/_git-remotes/_templates --mirror git@github.com:pritamcode/MongoExpressNode.git /home/apisero/.npm/_git-remotes/git-github-com-pritamcode-MongoExpressNode-git-ce11b9a0:
38 error git clone --template=/home/apisero/.npm/_git-remotes/_templates --mirror git@github.com:pritamcode/MongoExpressNode.git /home/apisero/.npm/_git-remotes/git-github-com-pritamcode-MongoExpressNode-git-ce11b9a0: Please make sure you have the correct access rights
38 error git clone --template=/home/apisero/.npm/_git-remotes/_templates --mirror git@github.com:pritamcode/MongoExpressNode.git /home/apisero/.npm/_git-remotes/git-github-com-pritamcode-MongoExpressNode-git-ce11b9a0: and the repository exists.
39 silly fetchPackageMetaData Error: Command failed: git clone --template=/home/apisero/.npm/_git-remotes/_templates --mirror git@github.com:pritamcode/MongoExpressNode.git /home/apisero/.npm/_git-remotes/git-github-com-pritamcode-MongoExpressNode-git-ce11b9a0
39 silly fetchPackageMetaData Cloning into bare repository '/home/apisero/.npm/_git-remotes/git-github-com-pritamcode-MongoExpressNode-git-ce11b9a0'...
39 silly fetchPackageMetaData Warning: Permanently added 'github.com,13.234.210.38' (RSA) to the list of known hosts.
39 silly fetchPackageMetaData git@github.com: Permission denied (publickey).
39 silly fetchPackageMetaData fatal: Could not read from remote repository.
39 silly fetchPackageMetaData
39 silly fetchPackageMetaData Please make sure you have the correct access rights
39 silly fetchPackageMetaData and the repository exists.
39 silly fetchPackageMetaData
39 silly fetchPackageMetaData     at ChildProcess.exithandler (child_process.js:275:12)
39 silly fetchPackageMetaData     at emitTwo (events.js:126:13)
39 silly fetchPackageMetaData     at ChildProcess.emit (events.js:214:7)
39 silly fetchPackageMetaData     at maybeClose (internal/child_process.js:925:16)
39 silly fetchPackageMetaData     at Process.ChildProcess._handle.onexit (internal/child_process.js:209:5)
39 silly fetchPackageMetaData  error for pritamCode/MongoExpressNode { Error: Command failed: git clone --template=/home/apisero/.npm/_git-remotes/_templates --mirror git@github.com:pritamcode/MongoExpressNode.git /home/apisero/.npm/_git-remotes/git-github-com-pritamcode-MongoExpressNode-git-ce11b9a0
39 silly fetchPackageMetaData Cloning into bare repository '/home/apisero/.npm/_git-remotes/git-github-com-pritamcode-MongoExpressNode-git-ce11b9a0'...
39 silly fetchPackageMetaData Warning: Permanently added 'github.com,13.234.210.38' (RSA) to the list of known hosts.
39 silly fetchPackageMetaData git@github.com: Permission denied (publickey).
39 silly fetchPackageMetaData fatal: Could not read from remote repository.
39 silly fetchPackageMetaData
39 silly fetchPackageMetaData Please make sure you have the correct access rights
39 silly fetchPackageMetaData and the repository exists.
39 silly fetchPackageMetaData
39 silly fetchPackageMetaData     at ChildProcess.exithandler (child_process.js:275:12)
39 silly fetchPackageMetaData     at emitTwo (events.js:126:13)
39 silly fetchPackageMetaData     at ChildProcess.emit (events.js:214:7)
39 silly fetchPackageMetaData     at maybeClose (internal/child_process.js:925:16)
39 silly fetchPackageMetaData     at Process.ChildProcess._handle.onexit (internal/child_process.js:209:5)
39 silly fetchPackageMetaData   killed: false,
39 silly fetchPackageMetaData   code: 128,
39 silly fetchPackageMetaData   signal: null,
39 silly fetchPackageMetaData   cmd: 'git clone --template=/home/apisero/.npm/_git-remotes/_templates --mirror git@github.com:pritamcode/MongoExpressNode.git /home/apisero/.npm/_git-remotes/git-github-com-pritamcode-MongoExpressNode-git-ce11b9a0' }
40 silly rollbackFailedOptional Starting
41 silly rollbackFailedOptional Finishing
42 silly runTopLevelLifecycles Starting
43 silly runTopLevelLifecycles Finishing
44 silly install printInstalled
45 verbose stack Error: Command failed: git clone --template=/home/apisero/.npm/_git-remotes/_templates --mirror git@github.com:pritamcode/MongoExpressNode.git /home/apisero/.npm/_git-remotes/git-github-com-pritamcode-MongoExpressNode-git-ce11b9a0
45 verbose stack Cloning into bare repository '/home/apisero/.npm/_git-remotes/git-github-com-pritamcode-MongoExpressNode-git-ce11b9a0'...
45 verbose stack Warning: Permanently added 'github.com,13.234.210.38' (RSA) to the list of known hosts.
45 verbose stack git@github.com: Permission denied (publickey).
45 verbose stack fatal: Could not read from remote repository.
45 verbose stack
45 verbose stack Please make sure you have the correct access rights
45 verbose stack and the repository exists.
45 verbose stack
45 verbose stack     at ChildProcess.exithandler (child_process.js:275:12)
45 verbose stack     at emitTwo (events.js:126:13)
45 verbose stack     at ChildProcess.emit (events.js:214:7)
45 verbose stack     at maybeClose (internal/child_process.js:925:16)
45 verbose stack     at Process.ChildProcess._handle.onexit (internal/child_process.js:209:5)
46 verbose cwd /home/apisero/myApp
47 error Linux 5.0.0-25-generic
48 error argv "/usr/bin/node" "/usr/bin/npm" "install" "pritamCode/MongoExpressNode"
49 error node v8.10.0
50 error npm  v3.5.2
51 error code 128
52 error Command failed: git clone --template=/home/apisero/.npm/_git-remotes/_templates --mirror git@github.com:pritamcode/MongoExpressNode.git /home/apisero/.npm/_git-remotes/git-github-com-pritamcode-MongoExpressNode-git-ce11b9a0
52 error Cloning into bare repository '/home/apisero/.npm/_git-remotes/git-github-com-pritamcode-MongoExpressNode-git-ce11b9a0'...
52 error Warning: Permanently added 'github.com,13.234.210.38' (RSA) to the list of known hosts.
52 error git@github.com: Permission denied (publickey).
52 error fatal: Could not read from remote repository.
52 error
52 error Please make sure you have the correct access rights
52 error and the repository exists.
53 error If you need help, you may report this error at:
53 error     <https://github.com/npm/npm/issues>
54 verbose exit [ 1, true ]
